app/build/outputs/logs/manifest-merger-debug-report.txt
-- Merging decision tree log ---
manifest
ADDED from src/main/AndroidManifest.xml:2:1-141:12
	package
		ADDED from src/main/AndroidManifest.xml:3:5-45
		INJECTED from src/main/AndroidManifest.xml
		INJECTED from src/main/AndroidManifest.xml
	android:versionName
		INJECTED from src/main/AndroidManifest.xml
		INJECTED from src/main/AndroidManifest.xml
	xmlns:android
		ADDED from src/main/AndroidManifest.xml:2:11-69
	android:versionCode
		INJECTED from src/main/AndroidManifest.xml
		INJECTED from src/main/AndroidManifest.xml
uses-permission#android.permission.GET_ACCOUNTS
ADDED from src/main/AndroidManifest.xml:6:5-70
	android:name
		ADDED from src/main/AndroidManifest.xml:6:22-68
uses-permission#android.permission.READ_PROFILE
ADDED from src/main/AndroidManifest.xml:7:5-70
	android:name
		ADDED from src/main/AndroidManifest.xml:7:22-68
uses-permission#android.permission.READ_LOGS
ADDED from src/main/AndroidManifest.xml:9:5-68
MERGED from [Sharing:leancloudchatkit:unspecified] AndroidManifest.xml:16:5-68
	android:name
		ADDED from src/main/AndroidManifest.xml:9:22-65
uses-permission#android.permission.INTERNET
ADDED from src/main/AndroidManifest.xml:11:5-67
MERGED from [Sharing:leancloudchatkit:unspecified] AndroidManifest.xml:11:5-67
	android:name
		ADDED from src/main/AndroidManifest.xml:11:22-64
uses-permission#android.permission.ACCESS_NETWORK_STATE
ADDED from src/main/AndroidManifest.xml:13:5-79
MERGED from [Sharing:leancloudchatkit:unspecified] AndroidManifest.xml:13:5-79
	android:name
		ADDED from src/main/AndroidManifest.xml:13:22-76
uses-permission#android.permission.ACCESS_WIFI_STATE
ADDED from src/main/AndroidManifest.xml:15:5-76
MERGED from [Sharing:leancloudchatkit:unspecified] AndroidManifest.xml:14:5-76
	android:name
		ADDED from src/main/AndroidManifest.xml:15:22-73
uses-permission#android.permission.WAKE_LOCK
ADDED from src/main/AndroidManifest.xml:17:5-68
	android:name
		ADDED from src/main/AndroidManifest.xml:17:22-65
uses-permission#android.permission.WRITE_EXTERNAL_STORAGE
ADDED from src/main/AndroidManifest.xml:19:5-81
MERGED from [Sharing:leancloudchatkit:unspecified] AndroidManifest.xml:12:5-81
	android:name
		ADDED from src/main/AndroidManifest.xml:19:22-78
uses-permission#android.permission.READ_PHONE_STATE
ADDED from src/main/AndroidManifest.xml:21:5-75
	android:name
		ADDED from src/main/AndroidManifest.xml:21:22-72
uses-permission#android.permission.RECORD_AUDIO
ADDED from src/main/AndroidManifest.xml:23:5-71
MERGED from [Sharing:leancloudchatkit:unspecified] AndroidManifest.xml:15:5-71
	android:name
		ADDED from src/main/AndroidManifest.xml:23:22-68
uses-permission#android.permission.CHANGE_NETWORK_STATE
ADDED from src/main/AndroidManifest.xml:25:5-79
	android:name
		ADDED from src/main/AndroidManifest.xml:25:22-76
uses-permission#android.permission.READ_CONTACTS
ADDED from src/main/AndroidManifest.xml:27:5-72
	android:name
		ADDED from src/main/AndroidManifest.xml:27:22-69
uses-permission#android.permission.RECEIVE_SMS
ADDED from src/main/AndroidManifest.xml:29:5-70
	android:name
		ADDED from src/main/AndroidManifest.xml:29:22-67
uses-permission#android.permission.SEND_SMS
ADDED from src/main/AndroidManifest.xml:30:5-67
	android:name
		ADDED from src/main/AndroidManifest.xml:30:22-64
uses-permission#android.permission.SYSTEM_ALERT_WINDOW
ADDED from src/main/AndroidManifest.xml:32:5-78
	android:name
		ADDED from src/main/AndroidManifest.xml:32:22-75
uses-permission#android.permission.ACCESS_COARSE_LOCATION
ADDED from src/main/AndroidManifest.xml:34:5-80
	android:name
		ADDED from src/main/AndroidManifest.xml:34:22-78
uses-permission#android.permission.ACCESS_FINE_LOCATION
ADDED from src/main/AndroidManifest.xml:36:5-78
	android:name
		ADDED from src/main/AndroidManifest.xml:36:22-76
uses-permission#android.permission.MOUNT_UNMOUNT_FILESYSTEMS
ADDED from src/main/AndroidManifest.xml:38:5-83
	android:name
		ADDED from src/main/AndroidManifest.xml:38:22-81
uses-permission#android.permission.CAMERA
ADDED from src/main/AndroidManifest.xml:42:5-65
	android:name
		ADDED from src/main/AndroidManifest.xml:42:22-62
uses-permission#android.permission.READ_EXTERNAL_STORAGE
ADDED from src/main/AndroidManifest.xml:53:5-80
	android:name
		ADDED from src/main/AndroidManifest.xml:53:22-77
uses-permission#android.permission.VIBRATE
ADDED from src/main/AndroidManifest.xml:59:5-66
MERGED from [Sharing:leancloudchatkit:unspecified] AndroidManifest.xml:18:5-66
	android:name
		ADDED from src/main/AndroidManifest.xml:59:22-63
application
ADDED from src/main/AndroidManifest.xml:61:5-139:19
MERGED from [com.android.support:design:25.2.0] AndroidManifest.xml:25:5-20
MERGED from [com.android.support:transition:25.2.0] AndroidManifest.xml:22:5-20
MERGED from [com.android.support:cardview-v7:25.2.0] AndroidManifest.xml:22:5-20
MERGED from [cn.bmob.android:bmob-im:2.0.5] AndroidManifest.xml:11:5-15:19
MERGED from [cn.bmob.android:bmob-sdk:3.5.0] AndroidManifest.xml:11:5-14:19
MERGED from [com.orhanobut:logger:1.4] AndroidManifest.xml:11:5-47
MERGED from [Sharing:leancloudchatkit:unspecified] AndroidManifest.xml:20:5-40:19
MERGED from [com.android.support:appcompat-v7:25.2.0] AndroidManifest.xml:25:5-20
MERGED from [com.android.support:animated-vector-drawable:25.2.0] AndroidManifest.xml:22:5-20
MERGED from [com.android.support:support-vector-drawable:25.2.0] AndroidManifest.xml:23:5-20
MERGED from [com.android.support:support-v4:25.2.0] AndroidManifest.xml:25:5-20
MERGED from [com.android.support:support-fragment:25.2.0] AndroidManifest.xml:25:5-20
MERGED from [com.android.support:support-media-compat:25.2.0] AndroidManifest.xml:25:5-20
MERGED from [com.android.support:support-core-utils:25.2.0] AndroidManifest.xml:25:5-20
MERGED from [com.android.support:support-core-ui:25.2.0] AndroidManifest.xml:25:5-20
MERGED from [com.android.support:support-compat:25.2.0] AndroidManifest.xml:25:5-20
MERGED from [de.hdodenhof:circleimageview:2.1.0] AndroidManifest.xml:9:5-20
	android:label
		ADDED from src/main/AndroidManifest.xml:64:9-41
	android:supportsRtl
		ADDED from src/main/AndroidManifest.xml:65:9-35
	android:allowBackup
		ADDED from src/main/AndroidManifest.xml:62:9-35
	android:icon
		ADDED from src/main/AndroidManifest.xml:63:9-43
	android:theme
		ADDED from src/main/AndroidManifest.xml:66:9-40
	android:name
		ADDED from src/main/AndroidManifest.xml:67:9-40
activity#com.example.liwensheng.sharing.ui.activity.Welcome
ADDED from src/main/AndroidManifest.xml:70:9-79:20
	android:screenOrientation
		ADDED from src/main/AndroidManifest.xml:72:13-49
	android:theme
		ADDED from src/main/AndroidManifest.xml:73:13-56
	android:name
		ADDED from src/main/AndroidManifest.xml:71:13-48
intent-filter#android.intent.action.MAIN+android.intent.category.LAUNCHER
ADDED from src/main/AndroidManifest.xml:74:13-78:29
action#android.intent.action.MAIN
ADDED from src/main/AndroidManifest.xml:75:17-69
	android:name
		ADDED from src/main/AndroidManifest.xml:75:25-66
category#android.intent.category.LAUNCHER
ADDED from src/main/AndroidManifest.xml:77:17-77
	android:name
		ADDED from src/main/AndroidManifest.xml:77:27-74
activity#com.example.liwensheng.sharing.ui.activity.MainActivity
ADDED from src/main/AndroidManifest.xml:80:9-83:55
	android:windowSoftInputMode
		ADDED from src/main/AndroidManifest.xml:83:13-52
	android:theme
		ADDED from src/main/AndroidManifest.xml:82:13-45
	android:name
		ADDED from src/main/AndroidManifest.xml:81:13-53
activity#com.example.liwensheng.sharing.ui.activity.RegisterActivity
ADDED from src/main/AndroidManifest.xml:84:9-87:54
	android:windowSoftInputMode
		ADDED from src/main/AndroidManifest.xml:87:13-52
	android:theme
		ADDED from src/main/AndroidManifest.xml:86:13-56
	android:name
		ADDED from src/main/AndroidManifest.xml:85:13-57
activity#com.example.liwensheng.sharing.ui.activity.LoginPage
ADDED from src/main/AndroidManifest.xml:88:9-92:15
	android:windowSoftInputMode
		ADDED from src/main/AndroidManifest.xml:91:13-52
	android:theme
		ADDED from src/main/AndroidManifest.xml:90:13-56
	android:name
		ADDED from src/main/AndroidManifest.xml:89:13-50
activity#com.example.liwensheng.sharing.ui.activity.PushActivity
ADDED from src/main/AndroidManifest.xml:93:9-61
	android:name
		ADDED from src/main/AndroidManifest.xml:93:19-59
activity#com.example.liwensheng.sharing.ui.activity.QueryActivity
ADDED from src/main/AndroidManifest.xml:94:9-96:15
	android:name
		ADDED from src/main/AndroidManifest.xml:95:13-54
activity#com.example.liwensheng.sharing.ui.activity.DetailActivity
ADDED from src/main/AndroidManifest.xml:97:9-63
	android:name
		ADDED from src/main/AndroidManifest.xml:97:19-61
activity#com.example.liwensheng.sharing.ui.activity.ShowImg
ADDED from src/main/AndroidManifest.xml:98:9-102:15
	android:windowSoftInputMode
		ADDED from src/main/AndroidManifest.xml:101:13-52
	android:theme
		ADDED from src/main/AndroidManifest.xml:100:13-44
	android:name
		ADDED from src/main/AndroidManifest.xml:99:13-48
activity#com.example.liwensheng.sharing.ui.activity.HistoryActivity
ADDED from src/main/AndroidManifest.xml:103:9-64
	android:name
		ADDED from src/main/AndroidManifest.xml:103:19-62
activity#com.example.liwensheng.sharing.ui.activity.CommentActivity
ADDED from src/main/AndroidManifest.xml:104:9-64
	android:name
		ADDED from src/main/AndroidManifest.xml:104:19-62
activity#com.example.liwensheng.sharing.ui.activity.MesGood
ADDED from src/main/AndroidManifest.xml:105:9-109:15
	android:windowSoftInputMode
		ADDED from src/main/AndroidManifest.xml:108:13-52
	android:theme
		ADDED from src/main/AndroidManifest.xml:107:13-44
	android:name
		ADDED from src/main/AndroidManifest.xml:106:13-48
activity#com.example.liwensheng.sharing.ui.activity.MesComment
ADDED from src/main/AndroidManifest.xml:110:9-59
	android:name
		ADDED from src/main/AndroidManifest.xml:110:19-57
activity#com.example.liwensheng.sharing.ui.activity.TypeDetail
ADDED from src/main/AndroidManifest.xml:111:9-114:15
	android:windowSoftInputMode
		ADDED from src/main/AndroidManifest.xml:113:13-52
	android:theme
		ADDED from src/main/AndroidManifest.xml:112:13-44
	android:name
		ADDED from src/main/AndroidManifest.xml:111:19-57
receiver#cn.bmob.newim.core.ConnectChangeReceiver
ADDED from src/main/AndroidManifest.xml:116:9-123:20
	android:name
		ADDED from src/main/AndroidManifest.xml:116:19-74
intent-filter#android.intent.action.BOOT_COMPLETED+android.intent.action.USER_PRESENT+android.net.conn.CONNECTIVITY_CHANGE+cn.bmob.action.RECONNECT
ADDED from src/main/AndroidManifest.xml:117:13-122:29
action#cn.bmob.action.RECONNECT
ADDED from src/main/AndroidManifest.xml:118:17-67
	android:name
		ADDED from src/main/AndroidManifest.xml:118:25-64
action#android.net.conn.CONNECTIVITY_CHANGE
ADDED from src/main/AndroidManifest.xml:119:17-79
	android:name
		ADDED from src/main/AndroidManifest.xml:119:25-76
action#android.intent.action.BOOT_COMPLETED
ADDED from src/main/AndroidManifest.xml:120:17-79
	android:name
		ADDED from src/main/AndroidManifest.xml:120:25-76
action#android.intent.action.USER_PRESENT
ADDED from src/main/AndroidManifest.xml:121:17-77
	android:name
		ADDED from src/main/AndroidManifest.xml:121:25-74
service#cn.bmob.newim.core.service.BmobIMService
ADDED from src/main/AndroidManifest.xml:125:9-127:43
	android:process
		ADDED from src/main/AndroidManifest.xml:127:13-40
	android:name
		ADDED from src/main/AndroidManifest.xml:126:13-68
service#cn.bmob.newim.core.service.NotifyService
ADDED from src/main/AndroidManifest.xml:128:9-130:43
	android:process
		ADDED from src/main/AndroidManifest.xml:130:13-40
	android:name
		ADDED from src/main/AndroidManifest.xml:129:13-68
service#cn.bmob.newim.core.service.ReConnectService
ADDED from src/main/AndroidManifest.xml:131:9-79
	android:name
		ADDED from src/main/AndroidManifest.xml:131:18-76
service#cn.bmob.newim.core.service.HeartBeatService
ADDED from src/main/AndroidManifest.xml:132:9-79
	android:name
		ADDED from src/main/AndroidManifest.xml:132:18-76
meta-data#Bmob_APP_KEY
ADDED from src/main/AndroidManifest.xml:135:9-137:64
	android:value
		ADDED from src/main/AndroidManifest.xml:137:13-61
	android:name
		ADDED from src/main/AndroidManifest.xml:136:13-40
uses-sdk
INJECTED from src/main/AndroidManifest.xml reason: use-sdk injection requested
MERGED from [com.android.support:design:25.2.0] AndroidManifest.xml:21:5-23:62
MERGED from [com.android.support:transition:25.2.0] AndroidManifest.xml:20:5-44
MERGED from [com.jakewharton:butterknife:8.4.0] AndroidManifest.xml:5:5-43
MERGED from [com.android.support:cardview-v7:25.2.0] AndroidManifest.xml:20:5-43
MERGED from [com.cjj.materialrefeshlayout:library:1.3.0] AndroidManifest.xml:7:5-9:41
MERGED from [cn.bmob.android:bmob-im:2.0.5] AndroidManifest.xml:7:5-9:41
MERGED from [cn.bmob.android:bmob-sdk:3.5.0] AndroidManifest.xml:7:5-9:41
MERGED from [com.orhanobut:logger:1.4] AndroidManifest.xml:7:5-9:41
MERGED from [Sharing:leancloudchatkit:unspecified] AndroidManifest.xml:7:5-9:41
MERGED from [com.android.support:appcompat-v7:25.2.0] AndroidManifest.xml:21:5-23:78
MERGED from [com.android.support:animated-vector-drawable:25.2.0] AndroidManifest.xml:20:5-44
MERGED from [com.android.support:support-vector-drawable:25.2.0] AndroidManifest.xml:21:5-43
MERGED from [cn.leancloud.android:avoscloud-push:v3.16.1] AndroidManifest.xml:7:5-9:41
MERGED from [com.android.support:support-v4:25.2.0] AndroidManifest.xml:21:5-23:54
MERGED from [com.android.support:support-fragment:25.2.0] AndroidManifest.xml:21:5-23:60
MERGED from [com.android.support:support-media-compat:25.2.0] AndroidManifest.xml:21:5-23:63
MERGED from [com.android.support:support-core-utils:25.2.0] AndroidManifest.xml:21:5-23:61
MERGED from [com.android.support:recyclerview-v7:25.2.0] AndroidManifest.xml:20:5-43
MERGED from [com.android.support:support-core-ui:25.2.0] AndroidManifest.xml:21:5-23:58
MERGED from [com.android.support:support-compat:25.2.0] AndroidManifest.xml:21:5-23:58
MERGED from [de.hdodenhof:circleimageview:2.1.0] AndroidManifest.xml:5:5-7:41
	tools:overrideLibrary
		ADDED from [com.android.support:design:25.2.0] AndroidManifest.xml:23:9-59
	android:targetSdkVersion
		INJECTED from src/main/AndroidManifest.xml
		INJECTED from src/main/AndroidManifest.xml
	android:minSdkVersion
		INJECTED from src/main/AndroidManifest.xml
		INJECTED from src/main/AndroidManifest.xml
uses-permission#android.permission.RECEIVE_BOOT_COMPLETED
ADDED from [Sharing:leancloudchatkit:unspecified] AndroidManifest.xml:17:5-81
	android:name
		ADDED from [Sharing:leancloudchatkit:unspecified] AndroidManifest.xml:17:22-78
activity#cn.leancloud.chatkit.activity.LCIMConversationActivity
ADDED from [Sharing:leancloudchatkit:unspecified] AndroidManifest.xml:21:9-29:20
	android:launchMode
		ADDED from [Sharing:leancloudchatkit:unspecified] AndroidManifest.xml:23:13-44
	android:name
		ADDED from [Sharing:leancloudchatkit:unspecified] AndroidManifest.xml:22:13-82
intent-filter#android.intent.category.DEFAULT+cn.leancloud.chatkit.conversation_item_click_action
ADDED from [Sharing:leancloudchatkit:unspecified] AndroidManifest.xml:24:13-28:29
action#cn.leancloud.chatkit.conversation_item_click_action
ADDED from [Sharing:leancloudchatkit:unspecified] AndroidManifest.xml:25:17-94
	android:name
		ADDED from [Sharing:leancloudchatkit:unspecified] AndroidManifest.xml:25:25-91
category#android.intent.category.DEFAULT
ADDED from [Sharing:leancloudchatkit:unspecified] AndroidManifest.xml:27:17-76
	android:name
		ADDED from [Sharing:leancloudchatkit:unspecified] AndroidManifest.xml:27:27-73
activity#cn.leancloud.chatkit.activity.LCIMImageActivity
ADDED from [Sharing:leancloudchatkit:unspecified] AndroidManifest.xml:30:9-84
	android:name
		ADDED from [Sharing:leancloudchatkit:unspecified] AndroidManifest.xml:30:19-81
receiver#com.avos.avoscloud.AVBroadcastReceiver
ADDED from [Sharing:leancloudchatkit:unspecified] AndroidManifest.xml:32:9-37:20
	android:name
		ADDED from [Sharing:leancloudchatkit:unspecified] AndroidManifest.xml:32:19-72
intent-filter#android.intent.action.BOOT_COMPLETED+android.intent.action.USER_PRESENT
ADDED from [Sharing:leancloudchatkit:unspecified] AndroidManifest.xml:33:13-36:29
service#com.avos.avoscloud.PushService
ADDED from [Sharing:leancloudchatkit:unspecified] AndroidManifest.xml:39:9-66
	android:name
		ADDED from [Sharing:leancloudchatkit:unspecified] AndroidManifest.xml:39:18-63